<?xml version="1.0" encoding="UTF-8"?>
<testsuite name="com.hjm.book.springboot.web.IndexControllerTest" tests="1" skipped="0" failures="0" errors="0" timestamp="2022-08-03T06:35:02" hostname="DESKTOP-13HO6UL" time="0.309">
  <properties/>
  <testcase name="메인페이지_로딩" classname="com.hjm.book.springboot.web.IndexControllerTest" time="0.309"/>
  <system-out><![CDATA[2022-08-03 15:34:58.562  INFO 19956 --- [    Test worker] .b.t.c.SpringBootTestContextBootstrapper : Neither @ContextConfiguration nor @ContextHierarchy found for test class [com.hjm.book.springboot.web.IndexControllerTest], using SpringBootContextLoader
2022-08-03 15:34:58.563  INFO 19956 --- [    Test worker] o.s.t.c.support.AbstractContextLoader    : Could not detect default resource locations for test class [com.hjm.book.springboot.web.IndexControllerTest]: no resource found for suffixes {-context.xml, Context.groovy}.
2022-08-03 15:34:58.563  INFO 19956 --- [    Test worker] t.c.s.AnnotationConfigContextLoaderUtils : Could not detect default configuration classes for test class [com.hjm.book.springboot.web.IndexControllerTest]: IndexControllerTest does not declare any static, non-private, non-final, nested classes annotated with @Configuration.
2022-08-03 15:34:58.566  INFO 19956 --- [    Test worker] .b.t.c.SpringBootTestContextBootstrapper : Found @SpringBootConfiguration com.hjm.book.springboot.Application for test class com.hjm.book.springboot.web.IndexControllerTest
2022-08-03 15:34:58.568  INFO 19956 --- [    Test worker] .b.t.c.SpringBootTestContextBootstrapper : Loaded default TestExecutionListener class names from location [META-INF/spring.factories]: [org.springframework.security.test.context.support.WithSecurityContextTestExecutionListener, org.springframework.security.test.context.support.ReactorContextTestExecutionListener, org.springframework.boot.test.autoconfigure.restdocs.RestDocsTestExecutionListener, org.springframework.boot.test.autoconfigure.web.client.MockRestServiceServerResetTestExecutionListener, org.springframework.boot.test.autoconfigure.web.servlet.MockMvcPrintOnlyOnFailureTestExecutionListener, org.springframework.boot.test.autoconfigure.web.servlet.WebDriverTestExecutionListener, org.springframework.boot.test.mock.mockito.MockitoTestExecutionListener, org.springframework.boot.test.mock.mockito.ResetMocksTestExecutionListener, org.springframework.test.context.web.ServletTestExecutionListener, org.springframework.test.context.support.DirtiesContextBeforeModesTestExecutionListener, org.springframework.test.context.support.DependencyInjectionTestExecutionListener, org.springframework.test.context.support.DirtiesContextTestExecutionListener, org.springframework.test.context.transaction.TransactionalTestExecutionListener, org.springframework.test.context.jdbc.SqlScriptsTestExecutionListener]
2022-08-03 15:34:58.571  INFO 19956 --- [    Test worker] .b.t.c.SpringBootTestContextBootstrapper : Using TestExecutionListeners: [org.springframework.test.context.web.ServletTestExecutionListener@1d7f29c7, org.springframework.test.context.support.DirtiesContextBeforeModesTestExecutionListener@570860dc, org.springframework.boot.test.mock.mockito.MockitoTestExecutionListener@39c00b5b, org.springframework.boot.test.autoconfigure.SpringBootDependencyInjectionTestExecutionListener@17080a01, org.springframework.test.context.support.DirtiesContextTestExecutionListener@735d3836, org.springframework.test.context.transaction.TransactionalTestExecutionListener@67c7a801, org.springframework.test.context.jdbc.SqlScriptsTestExecutionListener@5ee4ed71, org.springframework.security.test.context.support.WithSecurityContextTestExecutionListener@96bacae, org.springframework.security.test.context.support.ReactorContextTestExecutionListener@13edb93d, org.springframework.boot.test.autoconfigure.restdocs.RestDocsTestExecutionListener@49309ce1, org.springframework.boot.test.autoconfigure.web.client.MockRestServiceServerResetTestExecutionListener@30467fd3, org.springframework.boot.test.autoconfigure.web.servlet.MockMvcPrintOnlyOnFailureTestExecutionListener@641cbba9, org.springframework.boot.test.autoconfigure.web.servlet.WebDriverTestExecutionListener@1a46d246, org.springframework.boot.test.mock.mockito.ResetMocksTestExecutionListener@575c827b]

  .   ____          _            __ _ _
 /\\ / ___'_ __ _ _(_)_ __  __ _ \ \ \ \
( ( )\___ | '_ | '_| | '_ \/ _` | \ \ \ \
 \\/  ___)| |_)| | | | | || (_| |  ) ) ) )
  '  |____| .__|_| |_|_| |_\__, | / / / /
 =========|_|==============|___/=/_/_/_/
 :: Spring Boot ::        (v2.1.7.RELEASE)

2022-08-03 15:34:58.632  INFO 19956 --- [    Test worker] c.h.b.s.web.IndexControllerTest          : Starting IndexControllerTest on DESKTOP-13HO6UL with PID 19956 (started by jungm in C:\Users\jungm\IdeaProjects\springboot2-webservice)
2022-08-03 15:34:58.632  INFO 19956 --- [    Test worker] c.h.b.s.web.IndexControllerTest          : No active profile set, falling back to default profiles: default
2022-08-03 15:34:59.022  INFO 19956 --- [    Test worker] .s.d.r.c.RepositoryConfigurationDelegate : Bootstrapping Spring Data repositories in DEFAULT mode.
2022-08-03 15:34:59.074  INFO 19956 --- [    Test worker] .s.d.r.c.RepositoryConfigurationDelegate : Finished Spring Data repository scanning in 52ms. Found 2 repository interfaces.
2022-08-03 15:34:59.245  INFO 19956 --- [    Test worker] trationDelegate$BeanPostProcessorChecker : Bean 'org.springframework.transaction.annotation.ProxyTransactionManagementConfiguration' of type [org.springframework.transaction.annotation.ProxyTransactionManagementConfiguration$$EnhancerBySpringCGLIB$$6441887d] is not eligible for getting processed by all BeanPostProcessors (for example: not eligible for auto-proxying)
2022-08-03 15:34:59.711  INFO 19956 --- [    Test worker] o.s.b.w.embedded.tomcat.TomcatWebServer  : Tomcat initialized with port(s): 0 (http)
2022-08-03 15:34:59.771  INFO 19956 --- [    Test worker] o.apache.catalina.core.StandardService   : Starting service [Tomcat]
2022-08-03 15:34:59.772  INFO 19956 --- [    Test worker] org.apache.catalina.core.StandardEngine  : Starting Servlet engine: [Apache Tomcat/9.0.22]
2022-08-03 15:35:00.105  INFO 19956 --- [    Test worker] o.a.c.c.C.[Tomcat].[localhost].[/]       : Initializing Spring embedded WebApplicationContext
2022-08-03 15:35:00.105  INFO 19956 --- [    Test worker] o.s.web.context.ContextLoader            : Root WebApplicationContext: initialization completed in 1468 ms
2022-08-03 15:35:00.475  INFO 19956 --- [    Test worker] com.zaxxer.hikari.HikariDataSource       : HikariPool-2 - Starting...
2022-08-03 15:35:00.484  INFO 19956 --- [    Test worker] com.zaxxer.hikari.HikariDataSource       : HikariPool-2 - Start completed.
2022-08-03 15:35:00.556  INFO 19956 --- [    Test worker] o.hibernate.jpa.internal.util.LogHelper  : HHH000204: Processing PersistenceUnitInfo [
	name: default
	...]
2022-08-03 15:35:00.573  INFO 19956 --- [    Test worker] org.hibernate.dialect.Dialect            : HHH000400: Using dialect: org.hibernate.dialect.MySQL5InnoDBDialect
Hibernate: drop table if exists posts
Hibernate: drop table if exists user
Hibernate: create table posts (id bigint not null auto_increment, created_date datetime, modified_date datetime, author varchar(255), content TEXT not null, title varchar(500) not null, primary key (id)) engine=InnoDB
Hibernate: create table user (id bigint not null auto_increment, created_date datetime, modified_date datetime, email varchar(255) not null, name varchar(255) not null, picture varchar(255), role varchar(255) not null, primary key (id)) engine=InnoDB
2022-08-03 15:35:00.671  INFO 19956 --- [    Test worker] o.h.t.schema.internal.SchemaCreatorImpl  : HHH000476: Executing import script 'org.hibernate.tool.schema.internal.exec.ScriptSourceInputNonExistentImpl@2b382a3e'
2022-08-03 15:35:00.671  INFO 19956 --- [    Test worker] j.LocalContainerEntityManagerFactoryBean : Initialized JPA EntityManagerFactory for persistence unit 'default'
2022-08-03 15:35:01.250  INFO 19956 --- [    Test worker] o.h.h.i.QueryTranslatorFactoryInitiator  : HHH000397: Using ASTQueryTranslatorFactory
2022-08-03 15:35:01.544  INFO 19956 --- [    Test worker] o.s.s.web.DefaultSecurityFilterChain     : Creating filter chain: any request, [org.springframework.security.web.context.request.async.WebAsyncManagerIntegrationFilter@211daf16, org.springframework.security.web.context.SecurityContextPersistenceFilter@1ef8193d, org.springframework.security.web.header.HeaderWriterFilter@14db59be, org.springframework.security.web.authentication.logout.LogoutFilter@44433985, org.springframework.security.oauth2.client.web.OAuth2AuthorizationRequestRedirectFilter@33c92209, org.springframework.security.oauth2.client.web.OAuth2LoginAuthenticationFilter@489e41a1, org.springframework.security.web.authentication.ui.DefaultLoginPageGeneratingFilter@1a2cea0c, org.springframework.security.web.authentication.ui.DefaultLogoutPageGeneratingFilter@60555c5e, org.springframework.security.web.savedrequest.RequestCacheAwareFilter@9459109, org.springframework.security.web.servletapi.SecurityContextHolderAwareRequestFilter@479d2f36, org.springframework.security.web.authentication.AnonymousAuthenticationFilter@1af6e337, org.springframework.security.web.session.SessionManagementFilter@4263f1f8, org.springframework.security.web.access.ExceptionTranslationFilter@1420615a, org.springframework.security.web.access.intercept.FilterSecurityInterceptor@2bbd5695]
2022-08-03 15:35:01.939  INFO 19956 --- [    Test worker] o.s.s.concurrent.ThreadPoolTaskExecutor  : Initializing ExecutorService 'applicationTaskExecutor'
2022-08-03 15:35:01.962  WARN 19956 --- [    Test worker] aWebConfiguration$JpaWebMvcConfiguration : spring.jpa.open-in-view is enabled by default. Therefore, database queries may be performed during view rendering. Explicitly configure spring.jpa.open-in-view to disable this warning
2022-08-03 15:35:02.008  INFO 19956 --- [    Test worker] o.s.b.a.w.s.WelcomePageHandlerMapping    : Adding welcome page template: index
2022-08-03 15:35:02.518  INFO 19956 --- [    Test worker] s.a.ScheduledAnnotationBeanPostProcessor : No TaskScheduler/ScheduledExecutorService bean found for scheduled processing
2022-08-03 15:35:02.555  INFO 19956 --- [    Test worker] o.s.b.w.embedded.tomcat.TomcatWebServer  : Tomcat started on port(s): 56409 (http) with context path ''
2022-08-03 15:35:02.556  INFO 19956 --- [    Test worker] c.h.b.s.web.IndexControllerTest          : Started IndexControllerTest in 3.981 seconds (JVM running for 17.947)
2022-08-03 15:35:02.718  INFO 19956 --- [o-auto-1-exec-1] o.a.c.c.C.[Tomcat].[localhost].[/]       : Initializing Spring DispatcherServlet 'dispatcherServlet'
2022-08-03 15:35:02.719  INFO 19956 --- [o-auto-1-exec-1] o.s.web.servlet.DispatcherServlet        : Initializing Servlet 'dispatcherServlet'
2022-08-03 15:35:02.751  INFO 19956 --- [o-auto-1-exec-1] o.s.web.servlet.DispatcherServlet        : Completed initialization in 32 ms
Hibernate: select posts0_.id as id1_0_, posts0_.created_date as created_2_0_, posts0_.modified_date as modified3_0_, posts0_.author as author4_0_, posts0_.content as content5_0_, posts0_.title as title6_0_ from posts posts0_ order by posts0_.id DESC
]]></system-out>
  <system-err><![CDATA[]]></system-err>
</testsuite>
