<?xml version="1.0" encoding="UTF-8"?>
<testsuite name="com.hjm.book.springboot.web.HelloControllerTest" tests="2" skipped="0" failures="0" errors="0" timestamp="2022-08-03T09:37:29" hostname="DESKTOP-13HO6UL" time="0.222">
  <properties/>
  <testcase name="hello가_리턴된다" classname="com.hjm.book.springboot.web.HelloControllerTest" time="0.108"/>
  <testcase name="helloDto가_리턴된다" classname="com.hjm.book.springboot.web.HelloControllerTest" time="0.113"/>
  <system-out><![CDATA[2022-08-03 18:37:27.802  INFO 6120 --- [    Test worker] .b.t.a.w.s.WebMvcTestContextBootstrapper : Neither @ContextConfiguration nor @ContextHierarchy found for test class [com.hjm.book.springboot.web.HelloControllerTest], using SpringBootContextLoader
2022-08-03 18:37:27.803  INFO 6120 --- [    Test worker] o.s.t.c.support.AbstractContextLoader    : Could not detect default resource locations for test class [com.hjm.book.springboot.web.HelloControllerTest]: no resource found for suffixes {-context.xml, Context.groovy}.
2022-08-03 18:37:27.803  INFO 6120 --- [    Test worker] t.c.s.AnnotationConfigContextLoaderUtils : Could not detect default configuration classes for test class [com.hjm.book.springboot.web.HelloControllerTest]: HelloControllerTest does not declare any static, non-private, non-final, nested classes annotated with @Configuration.
2022-08-03 18:37:27.831  INFO 6120 --- [    Test worker] .b.t.c.SpringBootTestContextBootstrapper : Found @SpringBootConfiguration com.hjm.book.springboot.Application for test class com.hjm.book.springboot.web.HelloControllerTest
2022-08-03 18:37:27.832  INFO 6120 --- [    Test worker] .b.t.a.w.s.WebMvcTestContextBootstrapper : Loaded default TestExecutionListener class names from location [META-INF/spring.factories]: [org.springframework.security.test.context.support.WithSecurityContextTestExecutionListener, org.springframework.security.test.context.support.ReactorContextTestExecutionListener, org.springframework.boot.test.autoconfigure.restdocs.RestDocsTestExecutionListener, org.springframework.boot.test.autoconfigure.web.client.MockRestServiceServerResetTestExecutionListener, org.springframework.boot.test.autoconfigure.web.servlet.MockMvcPrintOnlyOnFailureTestExecutionListener, org.springframework.boot.test.autoconfigure.web.servlet.WebDriverTestExecutionListener, org.springframework.boot.test.mock.mockito.MockitoTestExecutionListener, org.springframework.boot.test.mock.mockito.ResetMocksTestExecutionListener, org.springframework.test.context.web.ServletTestExecutionListener, org.springframework.test.context.support.DirtiesContextBeforeModesTestExecutionListener, org.springframework.test.context.support.DependencyInjectionTestExecutionListener, org.springframework.test.context.support.DirtiesContextTestExecutionListener, org.springframework.test.context.transaction.TransactionalTestExecutionListener, org.springframework.test.context.jdbc.SqlScriptsTestExecutionListener]
2022-08-03 18:37:27.834  INFO 6120 --- [    Test worker] .b.t.a.w.s.WebMvcTestContextBootstrapper : Using TestExecutionListeners: [org.springframework.test.context.web.ServletTestExecutionListener@60f3f173, org.springframework.test.context.support.DirtiesContextBeforeModesTestExecutionListener@20f3118f, org.springframework.boot.test.mock.mockito.MockitoTestExecutionListener@5677b413, org.springframework.boot.test.autoconfigure.SpringBootDependencyInjectionTestExecutionListener@7baace82, org.springframework.test.context.support.DirtiesContextTestExecutionListener@4adc0ed, org.springframework.test.context.transaction.TransactionalTestExecutionListener@3ceac69e, org.springframework.test.context.jdbc.SqlScriptsTestExecutionListener@57d62a3c, org.springframework.security.test.context.support.WithSecurityContextTestExecutionListener@7aa5209a, org.springframework.security.test.context.support.ReactorContextTestExecutionListener@10e53d8b, org.springframework.boot.test.autoconfigure.restdocs.RestDocsTestExecutionListener@7ad1d73f, org.springframework.boot.test.autoconfigure.web.client.MockRestServiceServerResetTestExecutionListener@1cb08593, org.springframework.boot.test.autoconfigure.web.servlet.MockMvcPrintOnlyOnFailureTestExecutionListener@4fc2d76f, org.springframework.boot.test.autoconfigure.web.servlet.WebDriverTestExecutionListener@76f2a279, org.springframework.boot.test.mock.mockito.ResetMocksTestExecutionListener@2eefbb7]

  .   ____          _            __ _ _
 /\\ / ___'_ __ _ _(_)_ __  __ _ \ \ \ \
( ( )\___ | '_ | '_| | '_ \/ _` | \ \ \ \
 \\/  ___)| |_)| | | | | || (_| |  ) ) ) )
  '  |____| .__|_| |_|_| |_\__, | / / / /
 =========|_|==============|___/=/_/_/_/
 :: Spring Boot ::        (v2.1.7.RELEASE)

2022-08-03 18:37:27.876  INFO 6120 --- [    Test worker] c.h.b.s.web.HelloControllerTest          : Starting HelloControllerTest on DESKTOP-13HO6UL with PID 6120 (started by jungm in C:\Users\jungm\IdeaProjects\springboot2-webservice)
2022-08-03 18:37:27.877  INFO 6120 --- [    Test worker] c.h.b.s.web.HelloControllerTest          : No active profile set, falling back to default profiles: default
2022-08-03 18:37:28.586  INFO 6120 --- [    Test worker] o.s.s.concurrent.ThreadPoolTaskExecutor  : Initializing ExecutorService 'applicationTaskExecutor'
2022-08-03 18:37:28.641  INFO 6120 --- [    Test worker] o.s.b.a.w.s.WelcomePageHandlerMapping    : Adding welcome page template: index
2022-08-03 18:37:29.003  INFO 6120 --- [    Test worker] .s.s.UserDetailsServiceAutoConfiguration : 

Using generated security password: efa87e21-d138-4592-bba3-4ab647faf2b2

2022-08-03 18:37:29.273  INFO 6120 --- [    Test worker] o.s.s.web.DefaultSecurityFilterChain     : Creating filter chain: any request, [org.springframework.security.web.context.request.async.WebAsyncManagerIntegrationFilter@2ad61d93, org.springframework.security.web.context.SecurityContextPersistenceFilter@b5644e0, org.springframework.security.web.header.HeaderWriterFilter@38e1b94a, org.springframework.security.web.csrf.CsrfFilter@7d7a15bd, org.springframework.security.web.authentication.logout.LogoutFilter@497ad4e2, org.springframework.security.web.authentication.UsernamePasswordAuthenticationFilter@16cce5c1, org.springframework.security.web.authentication.ui.DefaultLoginPageGeneratingFilter@3335286b, org.springframework.security.web.authentication.ui.DefaultLogoutPageGeneratingFilter@374a3703, org.springframework.security.web.authentication.www.BasicAuthenticationFilter@78619076, org.springframework.security.web.savedrequest.RequestCacheAwareFilter@4f597359, org.springframework.security.web.servletapi.SecurityContextHolderAwareRequestFilter@7a47b811, org.springframework.security.web.authentication.AnonymousAuthenticationFilter@435cf3bc, org.springframework.security.web.session.SessionManagementFilter@151b9416, org.springframework.security.web.access.ExceptionTranslationFilter@74260dae, org.springframework.security.web.access.intercept.FilterSecurityInterceptor@73e1d810]
2022-08-03 18:37:29.337  INFO 6120 --- [    Test worker] o.s.b.t.m.w.SpringBootMockServletContext : Initializing Spring TestDispatcherServlet ''
2022-08-03 18:37:29.337  INFO 6120 --- [    Test worker] o.s.t.web.servlet.TestDispatcherServlet  : Initializing Servlet ''
2022-08-03 18:37:29.364  INFO 6120 --- [    Test worker] o.s.t.web.servlet.TestDispatcherServlet  : Completed initialization in 27 ms
2022-08-03 18:37:29.402  INFO 6120 --- [    Test worker] c.h.b.s.web.HelloControllerTest          : Started HelloControllerTest in 1.565 seconds (JVM running for 10.639)
]]></system-out>
  <system-err><![CDATA[]]></system-err>
</testsuite>
