<?xml version="1.0" encoding="UTF-8"?>
<testsuite name="com.hjm.book.springboot.domain.posts.PostsRepositoryTest" tests="2" skipped="0" failures="0" errors="0" timestamp="2022-07-07T07:23:21" hostname="DESKTOP-13HO6UL" time="0.25">
  <properties/>
  <testcase name="게시글저장_불러오기" classname="com.hjm.book.springboot.domain.posts.PostsRepositoryTest" time="0.238"/>
  <testcase name="BaseTimeEntity_등록" classname="com.hjm.book.springboot.domain.posts.PostsRepositoryTest" time="0.012"/>
  <system-out><![CDATA[2022-07-07 16:23:16.259  INFO 20348 --- [    Test worker] .b.t.c.SpringBootTestContextBootstrapper : Neither @ContextConfiguration nor @ContextHierarchy found for test class [com.hjm.book.springboot.domain.posts.PostsRepositoryTest], using SpringBootContextLoader
2022-07-07 16:23:16.260  INFO 20348 --- [    Test worker] o.s.t.c.support.AbstractContextLoader    : Could not detect default resource locations for test class [com.hjm.book.springboot.domain.posts.PostsRepositoryTest]: no resource found for suffixes {-context.xml, Context.groovy}.
2022-07-07 16:23:16.260  INFO 20348 --- [    Test worker] t.c.s.AnnotationConfigContextLoaderUtils : Could not detect default configuration classes for test class [com.hjm.book.springboot.domain.posts.PostsRepositoryTest]: PostsRepositoryTest does not declare any static, non-private, non-final, nested classes annotated with @Configuration.
2022-07-07 16:23:16.281  INFO 20348 --- [    Test worker] .b.t.c.SpringBootTestContextBootstrapper : Found @SpringBootConfiguration com.hjm.book.springboot.Application for test class com.hjm.book.springboot.domain.posts.PostsRepositoryTest
2022-07-07 16:23:16.284  INFO 20348 --- [    Test worker] .b.t.c.SpringBootTestContextBootstrapper : Loaded default TestExecutionListener class names from location [META-INF/spring.factories]: [org.springframework.security.test.context.support.WithSecurityContextTestExecutionListener, org.springframework.security.test.context.support.ReactorContextTestExecutionListener, org.springframework.boot.test.autoconfigure.restdocs.RestDocsTestExecutionListener, org.springframework.boot.test.autoconfigure.web.client.MockRestServiceServerResetTestExecutionListener, org.springframework.boot.test.autoconfigure.web.servlet.MockMvcPrintOnlyOnFailureTestExecutionListener, org.springframework.boot.test.autoconfigure.web.servlet.WebDriverTestExecutionListener, org.springframework.boot.test.mock.mockito.MockitoTestExecutionListener, org.springframework.boot.test.mock.mockito.ResetMocksTestExecutionListener, org.springframework.test.context.web.ServletTestExecutionListener, org.springframework.test.context.support.DirtiesContextBeforeModesTestExecutionListener, org.springframework.test.context.support.DependencyInjectionTestExecutionListener, org.springframework.test.context.support.DirtiesContextTestExecutionListener, org.springframework.test.context.transaction.TransactionalTestExecutionListener, org.springframework.test.context.jdbc.SqlScriptsTestExecutionListener]
2022-07-07 16:23:16.285  INFO 20348 --- [    Test worker] .b.t.c.SpringBootTestContextBootstrapper : Using TestExecutionListeners: [org.springframework.test.context.web.ServletTestExecutionListener@6ebf0b2, org.springframework.test.context.support.DirtiesContextBeforeModesTestExecutionListener@7e72ea7c, org.springframework.boot.test.mock.mockito.MockitoTestExecutionListener@39adebc5, org.springframework.boot.test.autoconfigure.SpringBootDependencyInjectionTestExecutionListener@7540bb7a, org.springframework.test.context.support.DirtiesContextTestExecutionListener@2c77bb00, org.springframework.test.context.transaction.TransactionalTestExecutionListener@453f95f8, org.springframework.test.context.jdbc.SqlScriptsTestExecutionListener@139aad59, org.springframework.security.test.context.support.WithSecurityContextTestExecutionListener@63715f3b, org.springframework.security.test.context.support.ReactorContextTestExecutionListener@724f47ee, org.springframework.boot.test.autoconfigure.restdocs.RestDocsTestExecutionListener@4b669c0a, org.springframework.boot.test.autoconfigure.web.client.MockRestServiceServerResetTestExecutionListener@d50005a, org.springframework.boot.test.autoconfigure.web.servlet.MockMvcPrintOnlyOnFailureTestExecutionListener@64311e4c, org.springframework.boot.test.autoconfigure.web.servlet.WebDriverTestExecutionListener@6cc95513, org.springframework.boot.test.mock.mockito.ResetMocksTestExecutionListener@1330024c]

  .   ____          _            __ _ _
 /\\ / ___'_ __ _ _(_)_ __  __ _ \ \ \ \
( ( )\___ | '_ | '_| | '_ \/ _` | \ \ \ \
 \\/  ___)| |_)| | | | | || (_| |  ) ) ) )
  '  |____| .__|_| |_|_| |_\__, | / / / /
 =========|_|==============|___/=/_/_/_/
 :: Spring Boot ::        (v2.1.7.RELEASE)

2022-07-07 16:23:16.317  INFO 20348 --- [    Test worker] c.h.b.s.d.posts.PostsRepositoryTest      : Starting PostsRepositoryTest on DESKTOP-13HO6UL with PID 20348 (started by jungm in C:\Users\jungm\IdeaProjects\springboot2-webservice)
2022-07-07 16:23:16.318  INFO 20348 --- [    Test worker] c.h.b.s.d.posts.PostsRepositoryTest      : No active profile set, falling back to default profiles: default
2022-07-07 16:23:16.834  INFO 20348 --- [    Test worker] .s.d.r.c.RepositoryConfigurationDelegate : Bootstrapping Spring Data repositories in DEFAULT mode.
2022-07-07 16:23:16.942  INFO 20348 --- [    Test worker] .s.d.r.c.RepositoryConfigurationDelegate : Finished Spring Data repository scanning in 97ms. Found 2 repository interfaces.
2022-07-07 16:23:17.258  INFO 20348 --- [    Test worker] trationDelegate$BeanPostProcessorChecker : Bean 'org.springframework.transaction.annotation.ProxyTransactionManagementConfiguration' of type [org.springframework.transaction.annotation.ProxyTransactionManagementConfiguration$$EnhancerBySpringCGLIB$$2361a6ee] is not eligible for getting processed by all BeanPostProcessors (for example: not eligible for auto-proxying)
2022-07-07 16:23:17.483  INFO 20348 --- [    Test worker] com.zaxxer.hikari.HikariDataSource       : HikariPool-1 - Starting...
2022-07-07 16:23:17.701  INFO 20348 --- [    Test worker] com.zaxxer.hikari.HikariDataSource       : HikariPool-1 - Start completed.
2022-07-07 16:23:17.819  INFO 20348 --- [    Test worker] o.hibernate.jpa.internal.util.LogHelper  : HHH000204: Processing PersistenceUnitInfo [
	name: default
	...]
2022-07-07 16:23:17.934  INFO 20348 --- [    Test worker] org.hibernate.Version                    : HHH000412: Hibernate Core {5.3.10.Final}
2022-07-07 16:23:17.936  INFO 20348 --- [    Test worker] org.hibernate.cfg.Environment            : HHH000206: hibernate.properties not found
2022-07-07 16:23:18.026  INFO 20348 --- [    Test worker] o.hibernate.annotations.common.Version   : HCANN000001: Hibernate Commons Annotations {5.0.4.Final}
2022-07-07 16:23:18.259  INFO 20348 --- [    Test worker] org.hibernate.dialect.Dialect            : HHH000400: Using dialect: org.hibernate.dialect.MySQL5InnoDBDialect
Hibernate: drop table if exists posts
Hibernate: drop table if exists user
Hibernate: create table posts (id bigint not null auto_increment, created_date datetime, modified_date datetime, author varchar(255), content TEXT not null, title varchar(500) not null, primary key (id)) engine=InnoDB
Hibernate: create table user (id bigint not null auto_increment, created_date datetime, modified_date datetime, email varchar(255) not null, name varchar(255) not null, picture varchar(255), role varchar(255) not null, primary key (id)) engine=InnoDB
2022-07-07 16:23:19.499  INFO 20348 --- [    Test worker] o.h.t.schema.internal.SchemaCreatorImpl  : HHH000476: Executing import script 'org.hibernate.tool.schema.internal.exec.ScriptSourceInputNonExistentImpl@6855ceaf'
2022-07-07 16:23:19.503  INFO 20348 --- [    Test worker] j.LocalContainerEntityManagerFactoryBean : Initialized JPA EntityManagerFactory for persistence unit 'default'
2022-07-07 16:23:20.193  INFO 20348 --- [    Test worker] o.h.h.i.QueryTranslatorFactoryInitiator  : HHH000397: Using ASTQueryTranslatorFactory
2022-07-07 16:23:20.607  INFO 20348 --- [    Test worker] o.s.s.web.DefaultSecurityFilterChain     : Creating filter chain: any request, [org.springframework.security.web.context.request.async.WebAsyncManagerIntegrationFilter@9a38514, org.springframework.security.web.context.SecurityContextPersistenceFilter@5ed1690b, org.springframework.security.web.header.HeaderWriterFilter@3c41e6e0, org.springframework.security.web.authentication.logout.LogoutFilter@4728b407, org.springframework.security.oauth2.client.web.OAuth2AuthorizationRequestRedirectFilter@41b92bf2, org.springframework.security.oauth2.client.web.OAuth2LoginAuthenticationFilter@7326a936, org.springframework.security.web.authentication.ui.DefaultLoginPageGeneratingFilter@12e41e61, org.springframework.security.web.authentication.ui.DefaultLogoutPageGeneratingFilter@782ffde4, org.springframework.security.web.savedrequest.RequestCacheAwareFilter@27c04bd7, org.springframework.security.web.servletapi.SecurityContextHolderAwareRequestFilter@1485df29, org.springframework.security.web.authentication.AnonymousAuthenticationFilter@3e0684ce, org.springframework.security.web.session.SessionManagementFilter@2444447c, org.springframework.security.web.access.ExceptionTranslationFilter@4aa669d7, org.springframework.security.web.access.intercept.FilterSecurityInterceptor@78550433]
2022-07-07 16:23:21.050  INFO 20348 --- [    Test worker] o.s.s.concurrent.ThreadPoolTaskExecutor  : Initializing ExecutorService 'applicationTaskExecutor'
2022-07-07 16:23:21.066  WARN 20348 --- [    Test worker] aWebConfiguration$JpaWebMvcConfiguration : spring.jpa.open-in-view is enabled by default. Therefore, database queries may be performed during view rendering. Explicitly configure spring.jpa.open-in-view to disable this warning
2022-07-07 16:23:21.114  INFO 20348 --- [    Test worker] o.s.b.a.w.s.WelcomePageHandlerMapping    : Adding welcome page template: index
2022-07-07 16:23:21.723  INFO 20348 --- [    Test worker] s.a.ScheduledAnnotationBeanPostProcessor : No TaskScheduler/ScheduledExecutorService bean found for scheduled processing
2022-07-07 16:23:21.732  INFO 20348 --- [    Test worker] c.h.b.s.d.posts.PostsRepositoryTest      : Started PostsRepositoryTest in 5.445 seconds (JVM running for 10.527)
Hibernate: insert into posts (created_date, modified_date, author, content, title) values (?, ?, ?, ?, ?)
Hibernate: select posts0_.id as id1_0_, posts0_.created_date as created_2_0_, posts0_.modified_date as modified3_0_, posts0_.author as author4_0_, posts0_.content as content5_0_, posts0_.title as title6_0_ from posts posts0_
Hibernate: select posts0_.id as id1_0_, posts0_.created_date as created_2_0_, posts0_.modified_date as modified3_0_, posts0_.author as author4_0_, posts0_.content as content5_0_, posts0_.title as title6_0_ from posts posts0_
Hibernate: delete from posts where id=?
Hibernate: insert into posts (created_date, modified_date, author, content, title) values (?, ?, ?, ?, ?)
Hibernate: select posts0_.id as id1_0_, posts0_.created_date as created_2_0_, posts0_.modified_date as modified3_0_, posts0_.author as author4_0_, posts0_.content as content5_0_, posts0_.title as title6_0_ from posts posts0_
>>>>>>>> createDate=2022-07-07T16:23:21.978, modifiedDate=2022-07-07T16:23:21.978
Hibernate: select posts0_.id as id1_0_, posts0_.created_date as created_2_0_, posts0_.modified_date as modified3_0_, posts0_.author as author4_0_, posts0_.content as content5_0_, posts0_.title as title6_0_ from posts posts0_
Hibernate: delete from posts where id=?
]]></system-out>
  <system-err><![CDATA[]]></system-err>
</testsuite>
